Arguments: 
  /usr/local/bin/node /usr/local/bin/yarn add antd

PATH: 
  /Library/Java/JavaVirtualMachines/jdk1.8.0_151.jdk/Contents/Home/bin:/usr/local/bin:/usr/bin:/bin:/usr/sbin:/sbin::/Users/tangyufeng/Library/Android/sdk/tools:/Users/tangyufeng/Library/Android/sdk/platform-tools

Yarn version: 
  1.2.1

Node version: 
  11.0.0

Platform: 
  darwin x64

npm manifest: 
  {
    "private": true,
    "scripts": {
      "start": "roadhog server",
      "build": "roadhog build",
      "lint": "eslint --ext .js src test",
      "precommit": "npm run lint"
    },
    "dependencies": {
      "dva": "^2.4.1",
      "react": "^16.2.0",
      "react-dom": "^16.2.0"
    },
    "devDependencies": {
      "babel-plugin-dva-hmr": "^0.3.2",
      "eslint": "^4.14.0",
      "eslint-config-umi": "^0.1.1",
      "eslint-plugin-flowtype": "^2.34.1",
      "eslint-plugin-import": "^2.6.0",
      "eslint-plugin-jsx-a11y": "^5.1.1",
      "eslint-plugin-react": "^7.1.0",
      "husky": "^0.12.0",
      "redbox-react": "^1.4.3",
      "roadhog": "^2.0.0"
    }
  }

yarn manifest: 
  No manifest

Lockfile: 
  No lockfile

Trace: 
  Error: EEXIST: file already exists, mkdir '/Users/tangyufeng/t-mock-dva/node_modules/awesome-typescript-loader/node_modules/expand-brackets/node_modules'
